2009/10/06 20:00:01 [4327] building file list
2009/10/06 20:00:05 [4327] .d..t...... etc/
2009/10/06 20:00:05 [4327] .d..t...... etc/default/
2009/10/06 20:00:05 [4327] .d..t...... etc/init.d/
2009/10/06 20:00:06 [4327] .d..t...... home/sylecn/
2009/10/06 20:00:06 [4327] >f.st...... home/sylecn/.bash_aliases
2009/10/06 20:00:06 [4327] >f.st...... home/sylecn/.bash_history
2009/10/06 20:00:06 [4327] >f.st...... home/sylecn/.emacs
2009/10/06 20:00:06 [4327] >f.st...... home/sylecn/.emacs-places
2009/10/06 20:00:06 [4327] >f..t...... home/sylecn/.gtk-bookmarks
2009/10/06 20:00:07 [4327] >f..t...... home/sylecn/.projects.ede
2009/10/06 20:00:07 [4327] >f.st...... home/sylecn/.slime-history.eld
2009/10/06 20:00:07 [4327] >f.st...... home/sylecn/.viminfo
2009/10/06 20:00:07 [4327] >f.st...... home/sylecn/debian_my
2009/10/06 20:00:07 [4327] >f.st...... home/sylecn/learnlinux
2009/10/06 20:00:07 [4327] >f.st...... home/sylecn/low
2009/10/06 20:00:07 [4327] >f.st...... home/sylecn/notes
2009/10/06 20:00:07 [4327] >f.st...... home/sylecn/todo
2009/10/06 20:00:08 [4327] .d..t...... home/sylecn/.emacs.d/
2009/10/06 20:00:08 [4327] >f.st...... home/sylecn/.emacs.d/history
2009/10/06 20:00:08 [4327] .d..t...... home/sylecn/.emacs.d/auto-save-list/
2009/10/06 20:00:08 [4327] >f+++++++++ home/sylecn/.emacs.d/auto-save-list/.saves-3947-sylecn.sylecn~
2009/10/06 20:00:08 [4327] .d..t...... home/sylecn/.emacs.d/emms/
2009/10/06 20:00:08 [4327] >f..t...... home/sylecn/.emacs.d/emms/history
2009/10/06 20:00:08 [4327] .d..t...... home/sylecn/.emacs.d/startup-scripts/
2009/10/06 20:00:09 [4327] >f+++++++++ home/sylecn/.emacs.d/startup-scripts/scheme.el
2009/10/06 20:00:09 [4327] .d..t...... home/sylecn/.emacs.d/startup-scripts/.git/
2009/10/06 20:00:09 [4327] >f.st...... home/sylecn/.emacs.d/startup-scripts/.git/COMMIT_EDITMSG
2009/10/06 20:00:09 [4327] >f.st...... home/sylecn/.emacs.d/startup-scripts/.git/index
2009/10/06 20:00:09 [4327] >f..t...... home/sylecn/.emacs.d/startup-scripts/.git/packed-refs
2009/10/06 20:00:09 [4327] .d..t...... home/sylecn/.emacs.d/startup-scripts/.git/info/
2009/10/06 20:00:09 [4327] >f..t...... home/sylecn/.emacs.d/startup-scripts/.git/info/refs
2009/10/06 20:00:09 [4327] .d..t...... home/sylecn/.emacs.d/startup-scripts/.git/logs/
2009/10/06 20:00:09 [4327] >f.st...... home/sylecn/.emacs.d/startup-scripts/.git/logs/HEAD
2009/10/06 20:00:09 [4327] .d..t...... home/sylecn/.emacs.d/startup-scripts/.git/logs/refs/heads/
2009/10/06 20:00:09 [4327] >f.st...... home/sylecn/.emacs.d/startup-scripts/.git/logs/refs/heads/master
2009/10/06 20:00:09 [4327] .d..t...... home/sylecn/.emacs.d/startup-scripts/.git/objects/
2009/10/06 20:00:09 [4327] cd+++++++++ home/sylecn/.emacs.d/startup-scripts/.git/objects/2d/
2009/10/06 20:00:09 [4327] >f+++++++++ home/sylecn/.emacs.d/startup-scripts/.git/objects/2d/daa3821ad3844954ddb0adf59c70c5e9c73020
2009/10/06 20:00:09 [4327] cd+++++++++ home/sylecn/.emacs.d/startup-scripts/.git/objects/38/
2009/10/06 20:00:09 [4327] >f+++++++++ home/sylecn/.emacs.d/startup-scripts/.git/objects/38/cb477fe0e76ddd1e426912c5ac9350f1c7b9fd
2009/10/06 20:00:09 [4327] cd+++++++++ home/sylecn/.emacs.d/startup-scripts/.git/objects/39/
2009/10/06 20:00:09 [4327] >f+++++++++ home/sylecn/.emacs.d/startup-scripts/.git/objects/39/204c3d021fca5ba69e33776b507e1288cb918e
2009/10/06 20:00:09 [4327] cd+++++++++ home/sylecn/.emacs.d/startup-scripts/.git/objects/83/
2009/10/06 20:00:09 [4327] >f+++++++++ home/sylecn/.emacs.d/startup-scripts/.git/objects/83/311616787ad9f46d64a3e33c25afc9d8a7d956
2009/10/06 20:00:09 [4327] cd+++++++++ home/sylecn/.emacs.d/startup-scripts/.git/objects/89/
2009/10/06 20:00:09 [4327] >f+++++++++ home/sylecn/.emacs.d/startup-scripts/.git/objects/89/610c317c888d723facb3adf6ca85c6bda8ae3f
2009/10/06 20:00:09 [4327] cd+++++++++ home/sylecn/.emacs.d/startup-scripts/.git/objects/a9/
2009/10/06 20:00:09 [4327] >f+++++++++ home/sylecn/.emacs.d/startup-scripts/.git/objects/a9/1373790848e2c36feabb84ae838a9e86d19f8a
2009/10/06 20:00:09 [4327] cd+++++++++ home/sylecn/.emacs.d/startup-scripts/.git/objects/e3/
2009/10/06 20:00:09 [4327] >f+++++++++ home/sylecn/.emacs.d/startup-scripts/.git/objects/e3/98dcfd2cd0ebf798a57d34ebed96851550cdcb
2009/10/06 20:00:09 [4327] cd+++++++++ home/sylecn/.emacs.d/startup-scripts/.git/objects/f8/
2009/10/06 20:00:09 [4327] >f+++++++++ home/sylecn/.emacs.d/startup-scripts/.git/objects/f8/54d1c558a9c73a8f1cce02caf36dac05f63566
2009/10/06 20:00:09 [4327] cd+++++++++ home/sylecn/.emacs.d/startup-scripts/.git/objects/ff/
2009/10/06 20:00:09 [4327] >f+++++++++ home/sylecn/.emacs.d/startup-scripts/.git/objects/ff/9ed41d2405f924c05cffbfe51afb341bac825c
2009/10/06 20:00:09 [4327] .d..t...... home/sylecn/.emacs.d/startup-scripts/.git/objects/info/
2009/10/06 20:00:10 [4327] >f..t...... home/sylecn/.emacs.d/startup-scripts/.git/objects/info/packs
2009/10/06 20:00:10 [4327] .d..t...... home/sylecn/.emacs.d/startup-scripts/.git/objects/pack/
2009/10/06 20:00:10 [4327] >f..t...... home/sylecn/.emacs.d/startup-scripts/.git/objects/pack/pack-526fc95e3dedb33181265c30723df2687b52714a.idx
2009/10/06 20:00:10 [4327] >f..t...... home/sylecn/.emacs.d/startup-scripts/.git/objects/pack/pack-526fc95e3dedb33181265c30723df2687b52714a.pack
2009/10/06 20:00:10 [4327] .d..t...... home/sylecn/.emacs.d/startup-scripts/.git/refs/heads/
2009/10/06 20:00:10 [4327] >f+++++++++ home/sylecn/.emacs.d/startup-scripts/.git/refs/heads/master
2009/10/06 20:00:10 [4327] .d..t...... home/sylecn/.emacs.d/sylecn-scripts/
2009/10/06 20:00:10 [4327] >f.st...... home/sylecn/.emacs.d/sylecn-scripts/extensions-sylecn.elc
2009/10/06 20:00:10 [4327] .d..t...... home/sylecn/.emacs.d/sylecn-scripts/.git/
2009/10/06 20:00:10 [4327] >f..t...... home/sylecn/.emacs.d/sylecn-scripts/.git/index
2009/10/06 20:00:10 [4327] >f..t...... home/sylecn/.emacs.d/sylecn-scripts/.git/packed-refs
2009/10/06 20:00:10 [4327] .d..t...... home/sylecn/.emacs.d/sylecn-scripts/.git/info/
2009/10/06 20:00:10 [4327] >f..t...... home/sylecn/.emacs.d/sylecn-scripts/.git/info/refs
2009/10/06 20:00:10 [4327] .d..t...... home/sylecn/.emacs.d/sylecn-scripts/.git/logs/
2009/10/06 20:00:10 [4327] >f..t...... home/sylecn/.emacs.d/sylecn-scripts/.git/logs/HEAD
2009/10/06 20:00:10 [4327] .d..t...... home/sylecn/.emacs.d/sylecn-scripts/.git/logs/refs/heads/
2009/10/06 20:00:10 [4327] >f..t...... home/sylecn/.emacs.d/sylecn-scripts/.git/logs/refs/heads/master
2009/10/06 20:00:10 [4327] .d..t...... home/sylecn/.emacs.d/sylecn-scripts/.git/objects/
2009/10/06 20:00:10 [4327] .d..t...... home/sylecn/.emacs.d/sylecn-scripts/.git/objects/info/
2009/10/06 20:00:10 [4327] >f..t...... home/sylecn/.emacs.d/sylecn-scripts/.git/objects/info/packs
2009/10/06 20:00:10 [4327] .d..t...... home/sylecn/.emacs.d/sylecn-scripts/.git/objects/pack/
2009/10/06 20:00:10 [4327] >f+++++++++ home/sylecn/.emacs.d/sylecn-scripts/.git/objects/pack/pack-22309f773e917030d0edbd5d11565aed3e9e3f1f.idx
2009/10/06 20:00:10 [4327] >f+++++++++ home/sylecn/.emacs.d/sylecn-scripts/.git/objects/pack/pack-22309f773e917030d0edbd5d11565aed3e9e3f1f.pack
2009/10/06 20:00:10 [4327] .d..t...... home/sylecn/.emacs.d/sylecn-scripts/.git/refs/heads/
2009/10/06 20:00:10 [4327] .d..t...... home/sylecn/.gconf/
2009/10/06 20:00:10 [4327] .d..t...... home/sylecn/.gconf/apps/gnome-screensaver/
2009/10/06 20:00:10 [4327] >f..t...... home/sylecn/.gconf/apps/gnome-screensaver/%gconf.xml
2009/10/06 20:00:10 [4327] .d..t...... home/sylecn/.gconf/apps/gnome-screenshot/
2009/10/06 20:00:10 [4327] >f..t...... home/sylecn/.gconf/apps/gnome-screenshot/%gconf.xml
2009/10/06 20:00:10 [4327] .d..t...... home/sylecn/.gconf/apps/gnome-settings/gnome-panel/
2009/10/06 20:00:10 [4327] >f..t...... home/sylecn/.gconf/apps/gnome-settings/gnome-panel/%gconf.xml
2009/10/06 20:00:10 [4327] .d..t...... home/sylecn/.gconf/apps/mail-notification/ui/properties-dialog/
2009/10/06 20:00:10 [4327] >f..t...... home/sylecn/.gconf/apps/mail-notification/ui/properties-dialog/%gconf.xml
2009/10/06 20:00:10 [4327] .d..t...... home/sylecn/.gconf/apps/nautilus/preferences/
2009/10/06 20:00:10 [4327] >f..t...... home/sylecn/.gconf/apps/nautilus/preferences/%gconf.xml
2009/10/06 20:00:10 [4327] .d..t...... home/sylecn/.gconf/system/networking/connections/1/
2009/10/06 20:00:10 [4327] >f..t...... home/sylecn/.gconf/system/networking/connections/1/%gconf.xml
2009/10/06 20:00:10 [4327] .d..t...... home/sylecn/.gconf/system/networking/connections/1/802-11-wireless-security/
2009/10/06 20:00:10 [4327] >f..t...... home/sylecn/.gconf/system/networking/connections/1/802-11-wireless-security/%gconf.xml
2009/10/06 20:00:10 [4327] .d..t...... home/sylecn/.gconf/system/networking/connections/1/802-11-wireless/
2009/10/06 20:00:10 [4327] >f.st...... home/sylecn/.gconf/system/networking/connections/1/802-11-wireless/%gconf.xml
2009/10/06 20:00:10 [4327] .d..t...... home/sylecn/.gconf/system/networking/connections/1/802-1x/
2009/10/06 20:00:10 [4327] >f..t...... home/sylecn/.gconf/system/networking/connections/1/802-1x/%gconf.xml
2009/10/06 20:00:10 [4327] .d..t...... home/sylecn/.gconf/system/networking/connections/1/connection/
2009/10/06 20:00:10 [4327] >f..t...... home/sylecn/.gconf/system/networking/connections/1/connection/%gconf.xml
2009/10/06 20:00:10 [4327] .d..t...... home/sylecn/.gconf/system/networking/connections/10/
2009/10/06 20:00:10 [4327] >f..t...... home/sylecn/.gconf/system/networking/connections/10/%gconf.xml
2009/10/06 20:00:10 [4327] .d..t...... home/sylecn/.gconf/system/networking/connections/11/
2009/10/06 20:00:10 [4327] >f..t...... home/sylecn/.gconf/system/networking/connections/11/%gconf.xml
2009/10/06 20:00:10 [4327] .d..t...... home/sylecn/.gconf/system/networking/connections/12/
2009/10/06 20:00:10 [4327] >f..t...... home/sylecn/.gconf/system/networking/connections/12/%gconf.xml
2009/10/06 20:00:10 [4327] .d..t...... home/sylecn/.gconf/system/networking/connections/13/
2009/10/06 20:00:10 [4327] >f..t...... home/sylecn/.gconf/system/networking/connections/13/%gconf.xml
2009/10/06 20:00:10 [4327] .d..t...... home/sylecn/.gconf/system/networking/connections/13/802-11-wireless-security/
2009/10/06 20:00:10 [4327] >f..t...... home/sylecn/.gconf/system/networking/connections/13/802-11-wireless-security/%gconf.xml
2009/10/06 20:00:10 [4327] .d..t...... home/sylecn/.gconf/system/networking/connections/13/802-11-wireless/
2009/10/06 20:00:10 [4327] >f..t...... home/sylecn/.gconf/system/networking/connections/13/802-11-wireless/%gconf.xml
2009/10/06 20:00:10 [4327] .d..t...... home/sylecn/.gconf/system/networking/connections/13/connection/
2009/10/06 20:00:10 [4327] >f..t...... home/sylecn/.gconf/system/networking/connections/13/connection/%gconf.xml
2009/10/06 20:00:10 [4327] .d..t...... home/sylecn/.gconf/system/networking/connections/14/
2009/10/06 20:00:10 [4327] >f..t...... home/sylecn/.gconf/system/networking/connections/14/%gconf.xml
2009/10/06 20:00:10 [4327] .d..t...... home/sylecn/.gconf/system/networking/connections/15/
2009/10/06 20:00:10 [4327] >f..t...... home/sylecn/.gconf/system/networking/connections/15/%gconf.xml
2009/10/06 20:00:10 [4327] .d..t...... home/sylecn/.gconf/system/networking/connections/16/
2009/10/06 20:00:10 [4327] >f..t...... home/sylecn/.gconf/system/networking/connections/16/%gconf.xml
2009/10/06 20:00:10 [4327] .d..t...... home/sylecn/.gconf/system/networking/connections/17/
2009/10/06 20:00:10 [4327] >f..t...... home/sylecn/.gconf/system/networking/connections/17/%gconf.xml
2009/10/06 20:00:10 [4327] .d..t...... home/sylecn/.gconf/system/networking/connections/18/
2009/10/06 20:00:10 [4327] >f..t...... home/sylecn/.gconf/system/networking/connections/18/%gconf.xml
2009/10/06 20:00:10 [4327] .d..t...... home/sylecn/.gconf/system/networking/connections/19/
2009/10/06 20:00:10 [4327] >f..t...... home/sylecn/.gconf/system/networking/connections/19/%gconf.xml
2009/10/06 20:00:10 [4327] .d..t...... home/sylecn/.gconf/system/networking/connections/2/
2009/10/06 20:00:10 [4327] >f..t...... home/sylecn/.gconf/system/networking/connections/2/%gconf.xml
2009/10/06 20:00:10 [4327] .d..t...... home/sylecn/.gconf/system/networking/connections/20/
2009/10/06 20:00:10 [4327] >f..t...... home/sylecn/.gconf/system/networking/connections/20/%gconf.xml
2009/10/06 20:00:10 [4327] .d..t...... home/sylecn/.gconf/system/networking/connections/3/
2009/10/06 20:00:10 [4327] >f..t...... home/sylecn/.gconf/system/networking/connections/3/%gconf.xml
2009/10/06 20:00:10 [4327] .d..t...... home/sylecn/.gconf/system/networking/connections/4/
2009/10/06 20:00:10 [4327] >f..t...... home/sylecn/.gconf/system/networking/connections/4/%gconf.xml
2009/10/06 20:00:10 [4327] .d..t...... home/sylecn/.gconf/system/networking/connections/5/
2009/10/06 20:00:10 [4327] >f..t...... home/sylecn/.gconf/system/networking/connections/5/%gconf.xml
2009/10/06 20:00:10 [4327] .d..t...... home/sylecn/.gconf/system/networking/connections/6/
2009/10/06 20:00:10 [4327] >f..t...... home/sylecn/.gconf/system/networking/connections/6/%gconf.xml
2009/10/06 20:00:10 [4327] .d..t...... home/sylecn/.gconf/system/networking/connections/7/
2009/10/06 20:00:10 [4327] >f..t...... home/sylecn/.gconf/system/networking/connections/7/%gconf.xml
2009/10/06 20:00:10 [4327] .d..t...... home/sylecn/.gconf/system/networking/connections/8/
2009/10/06 20:00:10 [4327] >f..t...... home/sylecn/.gconf/system/networking/connections/8/%gconf.xml
2009/10/06 20:00:10 [4327] .d..t...... home/sylecn/.gconf/system/networking/connections/9/
2009/10/06 20:00:10 [4327] >f..t...... home/sylecn/.gconf/system/networking/connections/9/%gconf.xml
2009/10/06 20:00:10 [4327] .d..t...... home/sylecn/.git/
2009/10/06 20:00:10 [4327] >f.st...... home/sylecn/.git/COMMIT_EDITMSG
2009/10/06 20:00:10 [4327] >f..t...... home/sylecn/.git/index
2009/10/06 20:00:10 [4327] >f..t...... home/sylecn/.git/packed-refs
2009/10/06 20:00:10 [4327] .d..t...... home/sylecn/.git/info/
2009/10/06 20:00:10 [4327] >f..t...... home/sylecn/.git/info/refs
2009/10/06 20:00:10 [4327] .d..t...... home/sylecn/.git/logs/
2009/10/06 20:00:10 [4327] >f.st...... home/sylecn/.git/logs/HEAD
2009/10/06 20:00:10 [4327] .d..t...... home/sylecn/.git/logs/refs/heads/
2009/10/06 20:00:10 [4327] >f.st...... home/sylecn/.git/logs/refs/heads/master
2009/10/06 20:00:10 [4327] .d..t...... home/sylecn/.git/objects/
2009/10/06 20:00:10 [4327] cd+++++++++ home/sylecn/.git/objects/5b/
2009/10/06 20:00:10 [4327] >f+++++++++ home/sylecn/.git/objects/5b/64af3535ffea4b1abeb71a2c3322f3c3fc7be0
2009/10/06 20:00:10 [4327] cd+++++++++ home/sylecn/.git/objects/61/
2009/10/06 20:00:10 [4327] >f+++++++++ home/sylecn/.git/objects/61/fc8263dde94061f02304606a85efc9593c734c
2009/10/06 20:00:10 [4327] cd+++++++++ home/sylecn/.git/objects/6a/
2009/10/06 20:00:10 [4327] >f+++++++++ home/sylecn/.git/objects/6a/162d2ac1949273668afd2f7b5f4fc74d1f6f4a
2009/10/06 20:00:10 [4327] cd+++++++++ home/sylecn/.git/objects/98/
2009/10/06 20:00:11 [4327] >f+++++++++ home/sylecn/.git/objects/98/c5ed3284bec26ef2c9d2362d40885789c585b6
2009/10/06 20:00:11 [4327] cd+++++++++ home/sylecn/.git/objects/ae/
2009/10/06 20:00:11 [4327] >f+++++++++ home/sylecn/.git/objects/ae/d55857d93fcf4dbecf52b8cafc8a136ad077fe
2009/10/06 20:00:11 [4327] cd+++++++++ home/sylecn/.git/objects/be/
2009/10/06 20:00:11 [4327] >f+++++++++ home/sylecn/.git/objects/be/fd1354de0bee30583e3541e79738bc7f4798c6
2009/10/06 20:00:11 [4327] cd+++++++++ home/sylecn/.git/objects/c6/
2009/10/06 20:00:11 [4327] >f+++++++++ home/sylecn/.git/objects/c6/7556cbc85975a37ef0cc62af3d1c867d1cf24c
2009/10/06 20:00:11 [4327] cd+++++++++ home/sylecn/.git/objects/c9/
2009/10/06 20:00:11 [4327] >f+++++++++ home/sylecn/.git/objects/c9/23dad8a9b55dc421ac87e380c428c567fa736f
2009/10/06 20:00:11 [4327] .d..t...... home/sylecn/.git/objects/dc/
2009/10/06 20:00:11 [4327] >f+++++++++ home/sylecn/.git/objects/dc/60a732d4ecd46d96af6f667d42f484ed7624b0
2009/10/06 20:00:11 [4327] cd+++++++++ home/sylecn/.git/objects/ed/
2009/10/06 20:00:11 [4327] >f+++++++++ home/sylecn/.git/objects/ed/9b9ee494073cdc5c015db0a247124cab47d09f
2009/10/06 20:00:11 [4327] cd+++++++++ home/sylecn/.git/objects/f1/
2009/10/06 20:00:11 [4327] >f+++++++++ home/sylecn/.git/objects/f1/7235f000d46cb080c221af60de59d6e3ed4b0e
2009/10/06 20:00:11 [4327] cd+++++++++ home/sylecn/.git/objects/fa/
2009/10/06 20:00:11 [4327] >f+++++++++ home/sylecn/.git/objects/fa/9ad537e7c9c4745d2b02579279653eb125751b
2009/10/06 20:00:11 [4327] .d..t...... home/sylecn/.git/objects/info/
2009/10/06 20:00:11 [4327] >f..t...... home/sylecn/.git/objects/info/packs
2009/10/06 20:00:11 [4327] .d..t...... home/sylecn/.git/objects/pack/
2009/10/06 20:00:11 [4327] >f+++++++++ home/sylecn/.git/objects/pack/pack-b728e0de95aec2876a9ce10e1038f65b70ac5f01.idx
2009/10/06 20:00:11 [4327] >f+++++++++ home/sylecn/.git/objects/pack/pack-b728e0de95aec2876a9ce10e1038f65b70ac5f01.pack
2009/10/06 20:00:11 [4327] .d..t...... home/sylecn/.git/refs/heads/
2009/10/06 20:00:11 [4327] >f..t...... home/sylecn/.git/refs/heads/master
2009/10/06 20:00:11 [4327] .d..t...... home/sylecn/.gnome2/
2009/10/06 20:00:11 [4327] .d..t...... home/sylecn/.gnome2/keyrings/
2009/10/06 20:00:11 [4327] >f..t...... home/sylecn/.gnome2/keyrings/login.keyring
2009/10/06 20:00:11 [4327] .d..t...... home/sylecn/.mozilla/firefox/me3tir0s.default/
2009/10/06 20:00:11 [4327] >f..t...... home/sylecn/.mozilla/firefox/me3tir0s.default/.parentlock
2009/10/06 20:00:11 [4327] >f.st...... home/sylecn/.mozilla/firefox/me3tir0s.default/XUL.mfasl
2009/10/06 20:00:11 [4327] >f..t...... home/sylecn/.mozilla/firefox/me3tir0s.default/blocklist.xml
2009/10/06 20:00:11 [4327] >f..t...... home/sylecn/.mozilla/firefox/me3tir0s.default/cert8.db
2009/10/06 20:00:12 [4327] >f..t...... home/sylecn/.mozilla/firefox/me3tir0s.default/cookies.sqlite
2009/10/06 20:00:12 [4327] >f..t...... home/sylecn/.mozilla/firefox/me3tir0s.default/dh-media-lists.rdf
2009/10/06 20:00:12 [4327] >f..t...... home/sylecn/.mozilla/firefox/me3tir0s.default/dh-smart-names.rdf
2009/10/06 20:00:12 [4327] >f..t...... home/sylecn/.mozilla/firefox/me3tir0s.default/downloads.sqlite
2009/10/06 20:00:12 [4327] >f.st...... home/sylecn/.mozilla/firefox/me3tir0s.default/flashgot.log
2009/10/06 20:00:12 [4327] >f.st...... home/sylecn/.mozilla/firefox/me3tir0s.default/flashgot.log.bak
2009/10/06 20:00:12 [4327] >f..t...... home/sylecn/.mozilla/firefox/me3tir0s.default/formhistory.sqlite
2009/10/06 20:00:12 [4327] >f..t...... home/sylecn/.mozilla/firefox/me3tir0s.default/key3.db
2009/10/06 20:00:12 [4327] >f.st...... home/sylecn/.mozilla/firefox/me3tir0s.default/localstore.rdf
2009/10/06 20:00:12 [4327] cLc.t...... home/sylecn/.mozilla/firefox/me3tir0s.default/lock -> 127.0.1.1:+3940
2009/10/06 20:00:12 [4327] >f.st...... home/sylecn/.mozilla/firefox/me3tir0s.default/mimeTypes.rdf
2009/10/06 20:00:14 [4327] >f..t...... home/sylecn/.mozilla/firefox/me3tir0s.default/places.sqlite
2009/10/06 20:00:14 [4327] >f..t...... home/sylecn/.mozilla/firefox/me3tir0s.default/places.sqlite-journal
2009/10/06 20:00:14 [4327] >f..t...... home/sylecn/.mozilla/firefox/me3tir0s.default/pluginreg.dat
2009/10/06 20:00:15 [4327] >f..t...... home/sylecn/.mozilla/firefox/me3tir0s.default/prefs.js
2009/10/06 20:00:15 [4327] >f..t...... home/sylecn/.mozilla/firefox/me3tir0s.default/secmod.db
2009/10/06 20:00:15 [4327] >f+++++++++ home/sylecn/.mozilla/firefox/me3tir0s.default/sessionstore.bak
2009/10/06 20:00:15 [4327] >f.st...... home/sylecn/.mozilla/firefox/me3tir0s.default/sessionstore.js
2009/10/06 20:00:15 [4327] >f..t...... home/sylecn/.mozilla/firefox/me3tir0s.default/urlclassifier3.sqlite
2009/10/06 20:00:15 [4327] >f..t...... home/sylecn/.mozilla/firefox/me3tir0s.default/urlclassifierkey3.txt
2009/10/06 20:00:15 [4327] .d..t...... home/sylecn/.mozilla/firefox/me3tir0s.default/adblockplus/
2009/10/06 20:00:15 [4327] >f.st...... home/sylecn/.mozilla/firefox/me3tir0s.default/adblockplus/patterns-backup1.ini
2009/10/06 20:00:15 [4327] >f.st...... home/sylecn/.mozilla/firefox/me3tir0s.default/adblockplus/patterns-backup2.ini
2009/10/06 20:00:15 [4327] >f.st...... home/sylecn/.mozilla/firefox/me3tir0s.default/adblockplus/patterns-backup3.ini
2009/10/06 20:00:15 [4327] >f.st...... home/sylecn/.mozilla/firefox/me3tir0s.default/adblockplus/patterns-backup4.ini
2009/10/06 20:00:15 [4327] >f.st...... home/sylecn/.mozilla/firefox/me3tir0s.default/adblockplus/patterns-backup5.ini
2009/10/06 20:00:15 [4327] >f.st...... home/sylecn/.mozilla/firefox/me3tir0s.default/adblockplus/patterns.ini
2009/10/06 20:00:15 [4327] .d..t...... home/sylecn/.mozilla/firefox/me3tir0s.default/bookmarkbackups/
2009/10/06 20:00:15 [4327] >f+++++++++ home/sylecn/.mozilla/firefox/me3tir0s.default/bookmarkbackups/bookmarks-2009-10-06.json
2009/10/06 20:00:15 [4327] .d..t...... home/sylecn/.mozilla/firefox/me3tir0s.default/extensions/
2009/10/06 20:00:19 [4327] .d..t...... home/sylecn/.mutt/.git/
2009/10/06 20:00:19 [4327] >f..t...... home/sylecn/.mutt/.git/index
2009/10/06 20:00:19 [4327] >f..t...... home/sylecn/.mutt/.git/packed-refs
2009/10/06 20:00:19 [4327] .d..t...... home/sylecn/.mutt/.git/info/
2009/10/06 20:00:19 [4327] >f..t...... home/sylecn/.mutt/.git/info/refs
2009/10/06 20:00:19 [4327] .d..t...... home/sylecn/.mutt/.git/logs/
2009/10/06 20:00:19 [4327] >f..t...... home/sylecn/.mutt/.git/logs/HEAD
2009/10/06 20:00:19 [4327] .d..t...... home/sylecn/.mutt/.git/logs/refs/heads/
2009/10/06 20:00:19 [4327] >f..t...... home/sylecn/.mutt/.git/logs/refs/heads/master
2009/10/06 20:00:19 [4327] .d..t...... home/sylecn/.mutt/.git/objects/
2009/10/06 20:00:19 [4327] .d..t...... home/sylecn/.mutt/.git/objects/info/
2009/10/06 20:00:20 [4327] >f..t...... home/sylecn/.mutt/.git/objects/info/packs
2009/10/06 20:00:20 [4327] .d..t...... home/sylecn/.mutt/.git/objects/pack/
2009/10/06 20:00:20 [4327] >f+++++++++ home/sylecn/.mutt/.git/objects/pack/pack-554d9fb9243888d8f2e3d7e3b1b505cb14d06ea2.idx
2009/10/06 20:00:20 [4327] >f+++++++++ home/sylecn/.mutt/.git/objects/pack/pack-554d9fb9243888d8f2e3d7e3b1b505cb14d06ea2.pack
2009/10/06 20:00:20 [4327] .d..t...... home/sylecn/.mutt/.git/refs/heads/
2009/10/06 20:00:20 [4327] >f..t...... home/sylecn/.scim/pinyin/phrase_lib
2009/10/06 20:00:20 [4327] >f..t...... home/sylecn/.scim/pinyin/pinyin_phrase_index
2009/10/06 20:00:20 [4327] >f..t...... home/sylecn/.scim/pinyin/pinyin_phrase_lib
2009/10/06 20:00:20 [4327] >f..t...... home/sylecn/.scim/pinyin/pinyin_table
2009/10/06 20:00:20 [4327] >f..t...... home/sylecn/.scim/sunpinyin/sunpinyin_history
2009/10/06 20:00:20 [4327] .d..t...... home/sylecn/.spamassassin/
2009/10/06 20:00:21 [4327] >f..t...... home/sylecn/.spamassassin/auto-whitelist
2009/10/06 20:00:21 [4327] >f.st...... home/sylecn/.spamassassin/bayes_journal
2009/10/06 20:00:22 [4327] >f..t...... home/sylecn/.spamassassin/bayes_seen
2009/10/06 20:00:24 [4327] >f..t...... home/sylecn/.spamassassin/bayes_toks
2009/10/06 20:00:25 [4327] .d..t...... home/sylecn/.w3m/
2009/10/06 20:00:25 [4327] .d..t...... home/sylecn/.xchat2/
2009/10/06 20:00:25 [4327] >f..t...... home/sylecn/.xchat2/xchat.conf
2009/10/06 20:00:26 [4327] .d..t...... home/sylecn/bak/
2009/10/06 20:00:26 [4327] >f.st...... home/sylecn/bak/aptlog
2009/10/06 20:00:26 [4327] >f..t...... home/sylecn/bak/backup
2009/10/06 20:00:26 [4327] >f..t...... home/sylecn/bak/backup.svimfiles
2009/10/06 20:00:27 [4327] >f.st...... home/sylecn/bak/procmaillog
2009/10/06 20:00:29 [4327] .d..t...... home/sylecn/bak/system/
2009/10/06 20:00:29 [4327] >f+++++++++ home/sylecn/bak/system/40_custom
2009/10/06 20:00:30 [4327] >f.st...... home/sylecn/bak/system/crontab
2009/10/06 20:00:30 [4327] >f..t...... home/sylecn/bak/system/df-h-latest
2009/10/06 20:00:30 [4327] >f..t...... home/sylecn/bak/system/fstab
2009/10/06 20:00:30 [4327] >f.st...... home/sylecn/bak/system/getlatest
2009/10/06 20:00:30 [4327] >f..t...... home/sylecn/bak/system/git-config
2009/10/06 20:00:30 [4327] >f+++++++++ home/sylecn/bak/system/iptables.conf
2009/10/06 20:00:30 [4327] >f..t...... home/sylecn/bak/system/sources.list
2009/10/06 20:00:30 [4327] >f..t...... home/sylecn/bak/system/xorg.conf
2009/10/06 20:00:30 [4327] .d..t...... home/sylecn/bin/.git/
2009/10/06 20:00:30 [4327] >f..t...... home/sylecn/bin/.git/index
2009/10/06 20:00:30 [4327] >f..t...... home/sylecn/bin/.git/packed-refs
2009/10/06 20:00:30 [4327] .d..t...... home/sylecn/bin/.git/info/
2009/10/06 20:00:30 [4327] >f..t...... home/sylecn/bin/.git/info/refs
2009/10/06 20:00:30 [4327] .d..t...... home/sylecn/bin/.git/logs/
2009/10/06 20:00:30 [4327] >f..t...... home/sylecn/bin/.git/logs/HEAD
2009/10/06 20:00:30 [4327] .d..t...... home/sylecn/bin/.git/logs/refs/heads/
2009/10/06 20:00:30 [4327] >f..t...... home/sylecn/bin/.git/logs/refs/heads/master
2009/10/06 20:00:30 [4327] .d..t...... home/sylecn/bin/.git/objects/
2009/10/06 20:00:30 [4327] .d..t...... home/sylecn/bin/.git/objects/info/
2009/10/06 20:00:30 [4327] >f..t...... home/sylecn/bin/.git/objects/info/packs
2009/10/06 20:00:30 [4327] .d..t...... home/sylecn/bin/.git/objects/pack/
2009/10/06 20:00:30 [4327] >f+++++++++ home/sylecn/bin/.git/objects/pack/pack-f4caf7cdae64629f967751b3e704a327881fae9b.idx
2009/10/06 20:00:30 [4327] >f+++++++++ home/sylecn/bin/.git/objects/pack/pack-f4caf7cdae64629f967751b3e704a327881fae9b.pack
2009/10/06 20:00:30 [4327] .d..t...... home/sylecn/bin/.git/refs/heads/
2009/10/06 20:00:32 [4327] .d..t...... home/sylecn/cpp/uva/the-house-of-santa-claus/.git/
2009/10/06 20:00:32 [4327] >f..t...... home/sylecn/cpp/uva/the-house-of-santa-claus/.git/index
2009/10/06 20:00:32 [4327] >f..t...... home/sylecn/cpp/uva/the-house-of-santa-claus/.git/packed-refs
2009/10/06 20:00:32 [4327] .d..t...... home/sylecn/cpp/uva/the-house-of-santa-claus/.git/info/
2009/10/06 20:00:32 [4327] >f..t...... home/sylecn/cpp/uva/the-house-of-santa-claus/.git/info/refs
2009/10/06 20:00:32 [4327] .d..t...... home/sylecn/cpp/uva/the-house-of-santa-claus/.git/logs/
2009/10/06 20:00:32 [4327] >f..t...... home/sylecn/cpp/uva/the-house-of-santa-claus/.git/logs/HEAD
2009/10/06 20:00:32 [4327] .d..t...... home/sylecn/cpp/uva/the-house-of-santa-claus/.git/logs/refs/heads/
2009/10/06 20:00:32 [4327] >f..t...... home/sylecn/cpp/uva/the-house-of-santa-claus/.git/logs/refs/heads/master
2009/10/06 20:00:32 [4327] .d..t...... home/sylecn/cpp/uva/the-house-of-santa-claus/.git/objects/
2009/10/06 20:00:32 [4327] .d..t...... home/sylecn/cpp/uva/the-house-of-santa-claus/.git/objects/info/
2009/10/06 20:00:32 [4327] >f..t...... home/sylecn/cpp/uva/the-house-of-santa-claus/.git/objects/info/packs
2009/10/06 20:00:32 [4327] .d..t...... home/sylecn/cpp/uva/the-house-of-santa-claus/.git/objects/pack/
2009/10/06 20:00:32 [4327] >f..t...... home/sylecn/cpp/uva/the-house-of-santa-claus/.git/objects/pack/pack-338fa9e03a36dbdbe595f69c5f23250c0966a6b4.idx
2009/10/06 20:00:32 [4327] >f..t...... home/sylecn/cpp/uva/the-house-of-santa-claus/.git/objects/pack/pack-338fa9e03a36dbdbe595f69c5f23250c0966a6b4.pack
2009/10/06 20:00:32 [4327] .d..t...... home/sylecn/cpp/uva/the-house-of-santa-claus/.git/refs/heads/
2009/10/06 20:00:32 [4327] .d..t...... home/sylecn/cpp/uva/uva_ex/.git/
2009/10/06 20:00:32 [4327] >f..t...... home/sylecn/cpp/uva/uva_ex/.git/index
2009/10/06 20:00:32 [4327] >f..t...... home/sylecn/cpp/uva/uva_ex/.git/packed-refs
2009/10/06 20:00:32 [4327] .d..t...... home/sylecn/cpp/uva/uva_ex/.git/info/
2009/10/06 20:00:32 [4327] >f..t...... home/sylecn/cpp/uva/uva_ex/.git/info/refs
2009/10/06 20:00:32 [4327] .d..t...... home/sylecn/cpp/uva/uva_ex/.git/logs/
2009/10/06 20:00:32 [4327] >f..t...... home/sylecn/cpp/uva/uva_ex/.git/logs/HEAD
2009/10/06 20:00:32 [4327] .d..t...... home/sylecn/cpp/uva/uva_ex/.git/logs/refs/heads/
2009/10/06 20:00:32 [4327] >f..t...... home/sylecn/cpp/uva/uva_ex/.git/logs/refs/heads/master
2009/10/06 20:00:32 [4327] .d..t...... home/sylecn/cpp/uva/uva_ex/.git/objects/
2009/10/06 20:00:32 [4327] .d..t...... home/sylecn/cpp/uva/uva_ex/.git/objects/info/
2009/10/06 20:00:32 [4327] >f..t...... home/sylecn/cpp/uva/uva_ex/.git/objects/info/packs
2009/10/06 20:00:32 [4327] .d..t...... home/sylecn/cpp/uva/uva_ex/.git/objects/pack/
2009/10/06 20:00:32 [4327] >f..t...... home/sylecn/cpp/uva/uva_ex/.git/objects/pack/pack-2a039568109665faf8964d7c5d71d1949c5ec021.idx
2009/10/06 20:00:32 [4327] >f..t...... home/sylecn/cpp/uva/uva_ex/.git/objects/pack/pack-2a039568109665faf8964d7c5d71d1949c5ec021.pack
2009/10/06 20:00:32 [4327] .d..t...... home/sylecn/cpp/uva/uva_ex/.git/refs/heads/
2009/10/06 20:00:39 [4327] .d..t...... home/sylecn/html/mysite/.git/
2009/10/06 20:00:42 [4327] .d..t...... home/sylecn/lisp/scheme/
2009/10/06 20:00:42 [4327] >f.st...... home/sylecn/lisp/scheme/recusive_with_hw2.ss
2009/10/06 20:00:42 [4327] .d..t...... home/sylecn/lisp/scheme/.git/
2009/10/06 20:00:42 [4327] >f.st...... home/sylecn/lisp/scheme/.git/COMMIT_EDITMSG
2009/10/06 20:00:42 [4327] >f..t...... home/sylecn/lisp/scheme/.git/index
2009/10/06 20:00:42 [4327] >f..t...... home/sylecn/lisp/scheme/.git/packed-refs
2009/10/06 20:00:43 [4327] .d..t...... home/sylecn/lisp/scheme/.git/info/
2009/10/06 20:00:43 [4327] >f..t...... home/sylecn/lisp/scheme/.git/info/refs
2009/10/06 20:00:43 [4327] .d..t...... home/sylecn/lisp/scheme/.git/logs/
2009/10/06 20:00:43 [4327] >f.st...... home/sylecn/lisp/scheme/.git/logs/HEAD
2009/10/06 20:00:43 [4327] .d..t...... home/sylecn/lisp/scheme/.git/logs/refs/heads/
2009/10/06 20:00:44 [4327] >f.st...... home/sylecn/lisp/scheme/.git/logs/refs/heads/master
2009/10/06 20:00:44 [4327] .d..t...... home/sylecn/lisp/scheme/.git/objects/
2009/10/06 20:00:44 [4327] cd+++++++++ home/sylecn/lisp/scheme/.git/objects/1b/
2009/10/06 20:00:44 [4327] >f+++++++++ home/sylecn/lisp/scheme/.git/objects/1b/4cab606b7f53cff7d1af2ab3d344c3e1244093
2009/10/06 20:00:44 [4327] cd+++++++++ home/sylecn/lisp/scheme/.git/objects/7e/
2009/10/06 20:00:44 [4327] >f+++++++++ home/sylecn/lisp/scheme/.git/objects/7e/da60fa07d3afe09080a5b311440f3ca8604f02
2009/10/06 20:00:44 [4327] cd+++++++++ home/sylecn/lisp/scheme/.git/objects/82/
2009/10/06 20:00:44 [4327] >f+++++++++ home/sylecn/lisp/scheme/.git/objects/82/2b920421799648155cb90e601510b03d73a7e3
2009/10/06 20:00:44 [4327] cd+++++++++ home/sylecn/lisp/scheme/.git/objects/92/
2009/10/06 20:00:44 [4327] >f+++++++++ home/sylecn/lisp/scheme/.git/objects/92/41e3bfe5da3343d67ab3b55ae9043031d1a3ad
2009/10/06 20:00:44 [4327] cd+++++++++ home/sylecn/lisp/scheme/.git/objects/95/
2009/10/06 20:00:44 [4327] >f+++++++++ home/sylecn/lisp/scheme/.git/objects/95/cd38cb9e34db703da903963f0cd398a872015d
2009/10/06 20:00:44 [4327] cd+++++++++ home/sylecn/lisp/scheme/.git/objects/a9/
2009/10/06 20:00:44 [4327] >f+++++++++ home/sylecn/lisp/scheme/.git/objects/a9/00b42f5f2ab9fecfdd189affecebb5b1ad419a
2009/10/06 20:00:44 [4327] .d..t...... home/sylecn/lisp/scheme/.git/objects/info/
2009/10/06 20:00:44 [4327] >f..t...... home/sylecn/lisp/scheme/.git/objects/info/packs
2009/10/06 20:00:44 [4327] .d..t...... home/sylecn/lisp/scheme/.git/objects/pack/
2009/10/06 20:00:44 [4327] >f+++++++++ home/sylecn/lisp/scheme/.git/objects/pack/pack-edfc645948a28a2d3c239928bcbd54ab3312e0c6.idx
2009/10/06 20:00:44 [4327] >f+++++++++ home/sylecn/lisp/scheme/.git/objects/pack/pack-edfc645948a28a2d3c239928bcbd54ab3312e0c6.pack
2009/10/06 20:00:44 [4327] .d..t...... home/sylecn/lisp/scheme/.git/refs/heads/
2009/10/06 20:00:44 [4327] >f..t...... home/sylecn/lisp/scheme/.git/refs/heads/master
2009/10/06 20:00:44 [4327] >f.st...... home/sylecn/lisp/scheme/submit/hw2.ss
2009/10/06 20:00:44 [4327] >f.st...... home/sylecn/lisp/scheme/submit/test-hw2.ss
2009/10/06 20:00:44 [4327] .d..t...... home/sylecn/mails/
2009/10/06 20:00:44 [4327] >f.st...... home/sylecn/mails/from-daemon
2009/10/06 20:00:44 [4327] >f.st...... home/sylecn/mails/local
2009/10/06 20:00:44 [4327] >f..t...... home/sylecn/mails/msgid.cache
2009/10/06 20:00:46 [4327] >f.st...... home/sylecn/mails/sent
2009/10/06 20:00:47 [4327] .d..t...... home/sylecn/mini-howto/
2009/10/06 20:00:47 [4327] >f.st...... home/sylecn/mini-howto/amazon-s3-rsync-backup
2009/10/06 20:00:47 [4327] >f.st...... home/sylecn/mini-howto/amazon-s3-rsync-backup.thinkings
2009/10/06 20:00:47 [4327] >f.st...... home/sylecn/mini-howto/apply_gpl
2009/10/06 20:00:47 [4327] >f.st...... home/sylecn/mini-howto/mutt
2009/10/06 20:00:47 [4327] .d..t...... home/sylecn/mini-howto/.git/
2009/10/06 20:00:47 [4327] >f.st...... home/sylecn/mini-howto/.git/COMMIT_EDITMSG
2009/10/06 20:00:47 [4327] >f..t...... home/sylecn/mini-howto/.git/index
2009/10/06 20:00:47 [4327] >f..t...... home/sylecn/mini-howto/.git/packed-refs
2009/10/06 20:00:47 [4327] .d..t...... home/sylecn/mini-howto/.git/info/
2009/10/06 20:00:47 [4327] >f..t...... home/sylecn/mini-howto/.git/info/refs
2009/10/06 20:00:47 [4327] .d..t...... home/sylecn/mini-howto/.git/logs/
2009/10/06 20:00:47 [4327] >f.st...... home/sylecn/mini-howto/.git/logs/HEAD
2009/10/06 20:00:47 [4327] .d..t...... home/sylecn/mini-howto/.git/logs/refs/heads/
2009/10/06 20:00:47 [4327] >f.st...... home/sylecn/mini-howto/.git/logs/refs/heads/master
2009/10/06 20:00:47 [4327] .d..t...... home/sylecn/mini-howto/.git/objects/
2009/10/06 20:00:47 [4327] cd+++++++++ home/sylecn/mini-howto/.git/objects/10/
2009/10/06 20:00:47 [4327] >f+++++++++ home/sylecn/mini-howto/.git/objects/10/d8e9fb5d8d02b50b67f3da1461f954e8f1f0a4
2009/10/06 20:00:47 [4327] cd+++++++++ home/sylecn/mini-howto/.git/objects/35/
2009/10/06 20:00:47 [4327] >f+++++++++ home/sylecn/mini-howto/.git/objects/35/cc0832caa11dd1f9b07f91965764d0b7e085f6
2009/10/06 20:00:47 [4327] cd+++++++++ home/sylecn/mini-howto/.git/objects/47/
2009/10/06 20:00:47 [4327] >f+++++++++ home/sylecn/mini-howto/.git/objects/47/17213d2adeff905fabfa01c3bc2908cb22f701
2009/10/06 20:00:47 [4327] cd+++++++++ home/sylecn/mini-howto/.git/objects/78/
2009/10/06 20:00:47 [4327] >f+++++++++ home/sylecn/mini-howto/.git/objects/78/5d7eaaaa86b2c329f99d027329a5adc953519f
2009/10/06 20:00:47 [4327] cd+++++++++ home/sylecn/mini-howto/.git/objects/8b/
2009/10/06 20:00:47 [4327] >f+++++++++ home/sylecn/mini-howto/.git/objects/8b/78c8c4ec80d63b635e505c754210029c3d9e7e
2009/10/06 20:00:47 [4327] .d..t...... home/sylecn/mini-howto/.git/objects/cb/
2009/10/06 20:00:47 [4327] >f+++++++++ home/sylecn/mini-howto/.git/objects/cb/49c0d45dce49b2630a6643d6fa45852576d5c0
2009/10/06 20:00:47 [4327] cd+++++++++ home/sylecn/mini-howto/.git/objects/e0/
2009/10/06 20:00:48 [4327] >f+++++++++ home/sylecn/mini-howto/.git/objects/e0/44f38011d790ded923e831160eea8331e19db2
2009/10/06 20:00:48 [4327] >f+++++++++ home/sylecn/mini-howto/.git/objects/e0/6f0d88b8ca3d5cfaf2984835129b0f597428cf
2009/10/06 20:00:48 [4327] cd+++++++++ home/sylecn/mini-howto/.git/objects/e1/
2009/10/06 20:00:48 [4327] >f+++++++++ home/sylecn/mini-howto/.git/objects/e1/4ba6d237f7d8aa26524c8038a24214586200c9
2009/10/06 20:00:48 [4327] cd+++++++++ home/sylecn/mini-howto/.git/objects/e5/
2009/10/06 20:00:48 [4327] >f+++++++++ home/sylecn/mini-howto/.git/objects/e5/55349cfc632409d844e0013143d3923d3618db
2009/10/06 20:00:48 [4327] .d..t...... home/sylecn/mini-howto/.git/objects/info/
2009/10/06 20:00:48 [4327] >f..t...... home/sylecn/mini-howto/.git/objects/info/packs
2009/10/06 20:00:48 [4327] .d..t...... home/sylecn/mini-howto/.git/objects/pack/
2009/10/06 20:00:48 [4327] >f+++++++++ home/sylecn/mini-howto/.git/objects/pack/pack-fe5de2ea0ba0ef3e78acf42618f4822d6068ed97.idx
2009/10/06 20:00:48 [4327] >f+++++++++ home/sylecn/mini-howto/.git/objects/pack/pack-fe5de2ea0ba0ef3e78acf42618f4822d6068ed97.pack
2009/10/06 20:00:48 [4327] .d..t...... home/sylecn/mini-howto/.git/refs/heads/
2009/10/06 20:00:48 [4327] >f..t...... home/sylecn/mini-howto/.git/refs/heads/master
2009/10/06 20:00:48 [4327] .d..t...... home/sylecn/office/course-table/www/.git/
2009/10/06 20:00:48 [4327] >f..t...... home/sylecn/office/course-table/www/.git/index
2009/10/06 20:00:48 [4327] >f..t...... home/sylecn/office/course-table/www/.git/packed-refs
2009/10/06 20:00:48 [4327] .d..t...... home/sylecn/office/course-table/www/.git/info/
2009/10/06 20:00:48 [4327] >f..t...... home/sylecn/office/course-table/www/.git/info/refs
2009/10/06 20:00:48 [4327] .d..t...... home/sylecn/office/course-table/www/.git/logs/
2009/10/06 20:00:48 [4327] >f..t...... home/sylecn/office/course-table/www/.git/logs/HEAD
2009/10/06 20:00:48 [4327] .d..t...... home/sylecn/office/course-table/www/.git/logs/refs/heads/
2009/10/06 20:00:48 [4327] >f..t...... home/sylecn/office/course-table/www/.git/logs/refs/heads/master
2009/10/06 20:00:48 [4327] >f..t...... home/sylecn/office/course-table/www/.git/logs/refs/heads/use_cal_event
2009/10/06 20:00:48 [4327] .d..t...... home/sylecn/office/course-table/www/.git/objects/
2009/10/06 20:00:48 [4327] .d..t...... home/sylecn/office/course-table/www/.git/objects/info/
2009/10/06 20:00:48 [4327] >f..t...... home/sylecn/office/course-table/www/.git/objects/info/packs
2009/10/06 20:00:48 [4327] .d..t...... home/sylecn/office/course-table/www/.git/objects/pack/
2009/10/06 20:00:48 [4327] >f..t...... home/sylecn/office/course-table/www/.git/objects/pack/pack-f4e1da010acaf85a583cab4e4fa0765ddc3fd622.idx
2009/10/06 20:00:48 [4327] >f..t...... home/sylecn/office/course-table/www/.git/objects/pack/pack-f4e1da010acaf85a583cab4e4fa0765ddc3fd622.pack
2009/10/06 20:00:48 [4327] .d..t...... home/sylecn/office/course-table/www/.git/refs/heads/
2009/10/06 20:00:48 [4327] .d..t...... home/sylecn/office/firewall/.git/
2009/10/06 20:00:49 [4327] .d..t...... home/sylecn/office/webspace/www/
2009/10/06 20:00:49 [4327] >f.st...... home/sylecn/office/webspace/www/index.html
2009/10/06 20:00:49 [4327] .d..t...... home/sylecn/office/webspace/www/.git/
2009/10/06 20:00:49 [4327] >f.st...... home/sylecn/office/webspace/www/.git/COMMIT_EDITMSG
2009/10/06 20:00:49 [4327] >f..t...... home/sylecn/office/webspace/www/.git/index
2009/10/06 20:00:49 [4327] >f..t...... home/sylecn/office/webspace/www/.git/packed-refs
2009/10/06 20:00:49 [4327] .d..t...... home/sylecn/office/webspace/www/.git/info/
2009/10/06 20:00:49 [4327] >f..t...... home/sylecn/office/webspace/www/.git/info/refs
2009/10/06 20:00:49 [4327] .d..t...... home/sylecn/office/webspace/www/.git/logs/
2009/10/06 20:00:49 [4327] >f.st...... home/sylecn/office/webspace/www/.git/logs/HEAD
2009/10/06 20:00:49 [4327] .d..t...... home/sylecn/office/webspace/www/.git/logs/refs/heads/
2009/10/06 20:00:49 [4327] >f.st...... home/sylecn/office/webspace/www/.git/logs/refs/heads/master
2009/10/06 20:00:49 [4327] .d..t...... home/sylecn/office/webspace/www/.git/objects/
2009/10/06 20:00:49 [4327] cd+++++++++ home/sylecn/office/webspace/www/.git/objects/0a/
2009/10/06 20:00:49 [4327] >f+++++++++ home/sylecn/office/webspace/www/.git/objects/0a/119098c285df02d9a22ddacbf23993a086a278
2009/10/06 20:00:49 [4327] cd+++++++++ home/sylecn/office/webspace/www/.git/objects/2d/
2009/10/06 20:00:49 [4327] >f+++++++++ home/sylecn/office/webspace/www/.git/objects/2d/7ade1b9e62b6e5ae3d0691c8759d2a71a34424
2009/10/06 20:00:49 [4327] cd+++++++++ home/sylecn/office/webspace/www/.git/objects/d2/
2009/10/06 20:00:49 [4327] >f+++++++++ home/sylecn/office/webspace/www/.git/objects/d2/598e9e6d4589ccab2c8a37af6b66514d55747e
2009/10/06 20:00:49 [4327] .d..t...... home/sylecn/office/webspace/www/.git/objects/info/
2009/10/06 20:00:49 [4327] >f..t...... home/sylecn/office/webspace/www/.git/objects/info/packs
2009/10/06 20:00:49 [4327] .d..t...... home/sylecn/office/webspace/www/.git/objects/pack/
2009/10/06 20:00:49 [4327] >f+++++++++ home/sylecn/office/webspace/www/.git/objects/pack/pack-46393c212fe89490e0aa30f31edbbd00446b540c.idx
2009/10/06 20:00:49 [4327] >f+++++++++ home/sylecn/office/webspace/www/.git/objects/pack/pack-46393c212fe89490e0aa30f31edbbd00446b540c.pack
2009/10/06 20:00:49 [4327] .d..t...... home/sylecn/office/webspace/www/.git/refs/heads/
2009/10/06 20:00:49 [4327] >f..t...... home/sylecn/office/webspace/www/.git/refs/heads/master
2009/10/06 20:00:50 [4327] .d..t...... home/sylecn/pictures/screenshots/
2009/10/06 20:00:50 [4327] >f+++++++++ home/sylecn/pictures/screenshots/resolvconf-config-notice.png
2009/10/06 20:00:52 [4327] .d..t...... home/sylecn/projects/alias_to_script/.git/
2009/10/06 20:00:52 [4327] >f..t...... home/sylecn/projects/alias_to_script/.git/index
2009/10/06 20:00:53 [4327] >f..t...... home/sylecn/projects/alias_to_script/.git/packed-refs
2009/10/06 20:00:53 [4327] .d..t...... home/sylecn/projects/alias_to_script/.git/info/
2009/10/06 20:00:53 [4327] >f..t...... home/sylecn/projects/alias_to_script/.git/info/refs
2009/10/06 20:00:53 [4327] .d..t...... home/sylecn/projects/alias_to_script/.git/logs/
2009/10/06 20:00:53 [4327] >f..t...... home/sylecn/projects/alias_to_script/.git/logs/HEAD
2009/10/06 20:00:53 [4327] .d..t...... home/sylecn/projects/alias_to_script/.git/logs/refs/heads/
2009/10/06 20:00:53 [4327] >f..t...... home/sylecn/projects/alias_to_script/.git/logs/refs/heads/master
2009/10/06 20:00:53 [4327] .d..t...... home/sylecn/projects/alias_to_script/.git/objects/
2009/10/06 20:00:53 [4327] .d..t...... home/sylecn/projects/alias_to_script/.git/objects/info/
2009/10/06 20:00:53 [4327] >f..t...... home/sylecn/projects/alias_to_script/.git/objects/info/packs
2009/10/06 20:00:53 [4327] .d..t...... home/sylecn/projects/alias_to_script/.git/objects/pack/
2009/10/06 20:00:53 [4327] >f..t...... home/sylecn/projects/alias_to_script/.git/objects/pack/pack-a661eb6921663152b875839ba09a849cf07ae9cb.idx
2009/10/06 20:00:53 [4327] >f..t...... home/sylecn/projects/alias_to_script/.git/objects/pack/pack-a661eb6921663152b875839ba09a849cf07ae9cb.pack
2009/10/06 20:00:53 [4327] .d..t...... home/sylecn/projects/alias_to_script/.git/refs/heads/
2009/10/06 20:00:53 [4327] .d..t...... home/sylecn/projects/ecalc/.git/
2009/10/06 20:00:53 [4327] >f..t...... home/sylecn/projects/ecalc/.git/index
2009/10/06 20:00:53 [4327] >f..t...... home/sylecn/projects/ecalc/.git/packed-refs
2009/10/06 20:00:53 [4327] .d..t...... home/sylecn/projects/ecalc/.git/info/
2009/10/06 20:00:53 [4327] >f..t...... home/sylecn/projects/ecalc/.git/info/refs
2009/10/06 20:00:53 [4327] .d..t...... home/sylecn/projects/ecalc/.git/logs/
2009/10/06 20:00:53 [4327] >f..t...... home/sylecn/projects/ecalc/.git/logs/HEAD
2009/10/06 20:00:53 [4327] .d..t...... home/sylecn/projects/ecalc/.git/logs/refs/heads/
2009/10/06 20:00:53 [4327] >f..t...... home/sylecn/projects/ecalc/.git/logs/refs/heads/equal-and-session
2009/10/06 20:00:53 [4327] >f..t...... home/sylecn/projects/ecalc/.git/logs/refs/heads/master
2009/10/06 20:00:53 [4327] .d..t...... home/sylecn/projects/ecalc/.git/objects/
2009/10/06 20:00:53 [4327] .d..t...... home/sylecn/projects/ecalc/.git/objects/info/
2009/10/06 20:00:53 [4327] >f..t...... home/sylecn/projects/ecalc/.git/objects/info/packs
2009/10/06 20:00:53 [4327] .d..t...... home/sylecn/projects/ecalc/.git/objects/pack/
2009/10/06 20:00:53 [4327] >f..t...... home/sylecn/projects/ecalc/.git/objects/pack/pack-4c2d9f9eb1eb44df6cf5d69dd7c79d3817a754c9.idx
2009/10/06 20:00:53 [4327] >f..t...... home/sylecn/projects/ecalc/.git/objects/pack/pack-4c2d9f9eb1eb44df6cf5d69dd7c79d3817a754c9.pack
2009/10/06 20:00:53 [4327] .d..t...... home/sylecn/projects/ecalc/.git/refs/heads/
2009/10/06 20:00:54 [4327] .d..t...... home/sylecn/projects/emacsd/.git/
2009/10/06 20:00:54 [4327] >f..t...... home/sylecn/projects/emacsd/.git/index
2009/10/06 20:00:54 [4327] >f..t...... home/sylecn/projects/emacsd/.git/packed-refs
2009/10/06 20:00:54 [4327] .d..t...... home/sylecn/projects/emacsd/.git/info/
2009/10/06 20:00:54 [4327] >f..t...... home/sylecn/projects/emacsd/.git/info/refs
2009/10/06 20:00:54 [4327] .d..t...... home/sylecn/projects/emacsd/.git/logs/
2009/10/06 20:00:54 [4327] >f..t...... home/sylecn/projects/emacsd/.git/logs/HEAD
2009/10/06 20:00:54 [4327] .d..t...... home/sylecn/projects/emacsd/.git/logs/refs/heads/
2009/10/06 20:00:54 [4327] >f..t...... home/sylecn/projects/emacsd/.git/logs/refs/heads/master
2009/10/06 20:00:54 [4327] .d..t...... home/sylecn/projects/emacsd/.git/objects/
2009/10/06 20:00:54 [4327] .d..t...... home/sylecn/projects/emacsd/.git/objects/info/
2009/10/06 20:00:54 [4327] >f..t...... home/sylecn/projects/emacsd/.git/objects/info/packs
2009/10/06 20:00:54 [4327] .d..t...... home/sylecn/projects/emacsd/.git/objects/pack/
2009/10/06 20:00:54 [4327] >f..t...... home/sylecn/projects/emacsd/.git/objects/pack/pack-fefecfe0b9b29eeb2a8af6efa7a168d583c75635.idx
2009/10/06 20:00:54 [4327] >f..t...... home/sylecn/projects/emacsd/.git/objects/pack/pack-fefecfe0b9b29eeb2a8af6efa7a168d583c75635.pack
2009/10/06 20:00:54 [4327] .d..t...... home/sylecn/projects/emacsd/.git/refs/heads/
2009/10/06 20:00:54 [4327] .d..t...... home/sylecn/projects/emacswiki/.git/
2009/10/06 20:00:54 [4327] >f..t...... home/sylecn/projects/emacswiki/.git/index
2009/10/06 20:00:54 [4327] >f..t...... home/sylecn/projects/emacswiki/.git/packed-refs
2009/10/06 20:00:54 [4327] .d..t...... home/sylecn/projects/emacswiki/.git/info/
2009/10/06 20:00:54 [4327] >f..t...... home/sylecn/projects/emacswiki/.git/info/refs
2009/10/06 20:00:54 [4327] .d..t...... home/sylecn/projects/emacswiki/.git/logs/
2009/10/06 20:00:54 [4327] >f..t...... home/sylecn/projects/emacswiki/.git/logs/HEAD
2009/10/06 20:00:54 [4327] .d..t...... home/sylecn/projects/emacswiki/.git/logs/refs/heads/
2009/10/06 20:00:54 [4327] >f..t...... home/sylecn/projects/emacswiki/.git/logs/refs/heads/master
2009/10/06 20:00:54 [4327] .d..t...... home/sylecn/projects/emacswiki/.git/objects/
2009/10/06 20:00:54 [4327] .d..t...... home/sylecn/projects/emacswiki/.git/objects/info/
2009/10/06 20:00:54 [4327] >f..t...... home/sylecn/projects/emacswiki/.git/objects/info/packs
2009/10/06 20:00:54 [4327] .d..t...... home/sylecn/projects/emacswiki/.git/objects/pack/
2009/10/06 20:00:54 [4327] >f..t...... home/sylecn/projects/emacswiki/.git/objects/pack/pack-29b45c0e1cd7e204ab57b4446dd1bf5c86242df0.idx
2009/10/06 20:00:54 [4327] >f..t...... home/sylecn/projects/emacswiki/.git/objects/pack/pack-29b45c0e1cd7e204ab57b4446dd1bf5c86242df0.pack
2009/10/06 20:00:54 [4327] .d..t...... home/sylecn/projects/emacswiki/.git/refs/heads/
2009/10/06 20:00:54 [4327] .d..t...... home/sylecn/projects/find-a-partner/.git/
2009/10/06 20:00:54 [4327] >f..t...... home/sylecn/projects/find-a-partner/.git/index
2009/10/06 20:00:54 [4327] >f..t...... home/sylecn/projects/find-a-partner/.git/packed-refs
2009/10/06 20:00:54 [4327] .d..t...... home/sylecn/projects/find-a-partner/.git/info/
2009/10/06 20:00:54 [4327] >f..t...... home/sylecn/projects/find-a-partner/.git/info/refs
2009/10/06 20:00:54 [4327] .d..t...... home/sylecn/projects/find-a-partner/.git/logs/
2009/10/06 20:00:54 [4327] >f..t...... home/sylecn/projects/find-a-partner/.git/logs/HEAD
2009/10/06 20:00:54 [4327] .d..t...... home/sylecn/projects/find-a-partner/.git/logs/refs/heads/
2009/10/06 20:00:54 [4327] >f..t...... home/sylecn/projects/find-a-partner/.git/logs/refs/heads/master
2009/10/06 20:00:54 [4327] .d..t...... home/sylecn/projects/find-a-partner/.git/objects/
2009/10/06 20:00:54 [4327] .d..t...... home/sylecn/projects/find-a-partner/.git/objects/info/
2009/10/06 20:00:54 [4327] >f..t...... home/sylecn/projects/find-a-partner/.git/objects/info/packs
2009/10/06 20:00:54 [4327] .d..t...... home/sylecn/projects/find-a-partner/.git/objects/pack/
2009/10/06 20:00:54 [4327] >f..t...... home/sylecn/projects/find-a-partner/.git/objects/pack/pack-5f569c2c35941ffd1805b789275cd1de41a096c7.idx
2009/10/06 20:00:54 [4327] >f..t...... home/sylecn/projects/find-a-partner/.git/objects/pack/pack-5f569c2c35941ffd1805b789275cd1de41a096c7.pack
2009/10/06 20:00:54 [4327] .d..t...... home/sylecn/projects/find-a-partner/.git/refs/heads/
2009/10/06 20:00:54 [4327] .d..t...... home/sylecn/projects/fsm-simulator/.git/
2009/10/06 20:00:55 [4327] >f..t...... home/sylecn/projects/fsm-simulator/.git/index
2009/10/06 20:00:55 [4327] >f..t...... home/sylecn/projects/fsm-simulator/.git/packed-refs
2009/10/06 20:00:55 [4327] .d..t...... home/sylecn/projects/fsm-simulator/.git/info/
2009/10/06 20:00:55 [4327] >f..t...... home/sylecn/projects/fsm-simulator/.git/info/refs
2009/10/06 20:00:55 [4327] .d..t...... home/sylecn/projects/fsm-simulator/.git/logs/
2009/10/06 20:00:55 [4327] >f..t...... home/sylecn/projects/fsm-simulator/.git/logs/HEAD
2009/10/06 20:00:55 [4327] .d..t...... home/sylecn/projects/fsm-simulator/.git/logs/refs/heads/
2009/10/06 20:00:55 [4327] >f..t...... home/sylecn/projects/fsm-simulator/.git/logs/refs/heads/master
2009/10/06 20:00:55 [4327] .d..t...... home/sylecn/projects/fsm-simulator/.git/objects/
2009/10/06 20:00:55 [4327] .d..t...... home/sylecn/projects/fsm-simulator/.git/objects/info/
2009/10/06 20:00:55 [4327] >f..t...... home/sylecn/projects/fsm-simulator/.git/objects/info/packs
2009/10/06 20:00:55 [4327] .d..t...... home/sylecn/projects/fsm-simulator/.git/objects/pack/
2009/10/06 20:00:55 [4327] >f..t...... home/sylecn/projects/fsm-simulator/.git/objects/pack/pack-87fed8d9b7f2ac2097d3595b6cf7fd53f1b3a767.idx
2009/10/06 20:00:55 [4327] >f..t...... home/sylecn/projects/fsm-simulator/.git/objects/pack/pack-87fed8d9b7f2ac2097d3595b6cf7fd53f1b3a767.pack
2009/10/06 20:00:55 [4327] .d..t...... home/sylecn/projects/fsm-simulator/.git/refs/heads/
2009/10/06 20:00:55 [4327] .d..t...... home/sylecn/projects/mbackup/.git/
2009/10/06 20:00:55 [4327] >f..t...... home/sylecn/projects/mbackup/.git/index
2009/10/06 20:00:55 [4327] >f..t...... home/sylecn/projects/mbackup/.git/packed-refs
2009/10/06 20:00:55 [4327] .d..t...... home/sylecn/projects/mbackup/.git/info/
2009/10/06 20:00:55 [4327] >f..t...... home/sylecn/projects/mbackup/.git/info/refs
2009/10/06 20:00:55 [4327] .d..t...... home/sylecn/projects/mbackup/.git/logs/
2009/10/06 20:00:55 [4327] >f..t...... home/sylecn/projects/mbackup/.git/logs/HEAD
2009/10/06 20:00:55 [4327] .d..t...... home/sylecn/projects/mbackup/.git/logs/refs/heads/
2009/10/06 20:00:55 [4327] >f..t...... home/sylecn/projects/mbackup/.git/logs/refs/heads/master
2009/10/06 20:00:55 [4327] .d..t...... home/sylecn/projects/mbackup/.git/objects/
2009/10/06 20:00:55 [4327] .d..t...... home/sylecn/projects/mbackup/.git/objects/info/
2009/10/06 20:00:55 [4327] >f..t...... home/sylecn/projects/mbackup/.git/objects/info/packs
2009/10/06 20:00:55 [4327] .d..t...... home/sylecn/projects/mbackup/.git/objects/pack/
2009/10/06 20:00:55 [4327] >f..t...... home/sylecn/projects/mbackup/.git/objects/pack/pack-22c78c28344cc3a7461d082f465efc80f8bc8c6f.idx
2009/10/06 20:00:55 [4327] >f..t...... home/sylecn/projects/mbackup/.git/objects/pack/pack-22c78c28344cc3a7461d082f465efc80f8bc8c6f.pack
2009/10/06 20:00:55 [4327] .d..t...... home/sylecn/projects/mbackup/.git/refs/heads/
2009/10/06 20:00:56 [4327] .d..t...... home/sylecn/projects/tarconf/conf/.git/
2009/10/06 20:00:56 [4327] >f..t...... home/sylecn/projects/tarconf/conf/.git/index
2009/10/06 20:00:56 [4327] >f..t...... home/sylecn/projects/tarconf/conf/.git/packed-refs
2009/10/06 20:00:56 [4327] .d..t...... home/sylecn/projects/tarconf/conf/.git/info/
2009/10/06 20:00:56 [4327] >f..t...... home/sylecn/projects/tarconf/conf/.git/info/refs
2009/10/06 20:00:56 [4327] .d..t...... home/sylecn/projects/tarconf/conf/.git/logs/
2009/10/06 20:00:56 [4327] >f..t...... home/sylecn/projects/tarconf/conf/.git/logs/HEAD
2009/10/06 20:00:56 [4327] .d..t...... home/sylecn/projects/tarconf/conf/.git/logs/refs/heads/
2009/10/06 20:00:56 [4327] >f..t...... home/sylecn/projects/tarconf/conf/.git/logs/refs/heads/master
2009/10/06 20:00:56 [4327] .d..t...... home/sylecn/projects/tarconf/conf/.git/objects/
2009/10/06 20:00:56 [4327] .d..t...... home/sylecn/projects/tarconf/conf/.git/objects/info/
2009/10/06 20:00:56 [4327] >f..t...... home/sylecn/projects/tarconf/conf/.git/objects/info/packs
2009/10/06 20:00:56 [4327] .d..t...... home/sylecn/projects/tarconf/conf/.git/objects/pack/
2009/10/06 20:00:56 [4327] >f..t...... home/sylecn/projects/tarconf/conf/.git/objects/pack/pack-c47381e95c4f3b6d25d8da7ef40d12006ec9d779.idx
2009/10/06 20:00:56 [4327] >f..t...... home/sylecn/projects/tarconf/conf/.git/objects/pack/pack-c47381e95c4f3b6d25d8da7ef40d12006ec9d779.pack
2009/10/06 20:00:56 [4327] .d..t...... home/sylecn/projects/tarconf/conf/.git/refs/heads/
2009/10/06 20:00:56 [4327] .d..t...... home/sylecn/projects/tarconf/gconf/.git/
2009/10/06 20:00:56 [4327] >f..t...... home/sylecn/projects/tarconf/gconf/.git/index
2009/10/06 20:00:56 [4327] >f..t...... home/sylecn/projects/tarconf/gconf/.git/packed-refs
2009/10/06 20:00:56 [4327] .d..t...... home/sylecn/projects/tarconf/gconf/.git/info/
2009/10/06 20:00:56 [4327] >f..t...... home/sylecn/projects/tarconf/gconf/.git/info/refs
2009/10/06 20:00:56 [4327] .d..t...... home/sylecn/projects/tarconf/gconf/.git/logs/
2009/10/06 20:00:56 [4327] >f..t...... home/sylecn/projects/tarconf/gconf/.git/logs/HEAD
2009/10/06 20:00:56 [4327] .d..t...... home/sylecn/projects/tarconf/gconf/.git/logs/refs/heads/
2009/10/06 20:00:56 [4327] >f..t...... home/sylecn/projects/tarconf/gconf/.git/logs/refs/heads/master
2009/10/06 20:00:56 [4327] .d..t...... home/sylecn/projects/tarconf/gconf/.git/objects/
2009/10/06 20:00:56 [4327] .d..t...... home/sylecn/projects/tarconf/gconf/.git/objects/info/
2009/10/06 20:00:56 [4327] >f..t...... home/sylecn/projects/tarconf/gconf/.git/objects/info/packs
2009/10/06 20:00:56 [4327] .d..t...... home/sylecn/projects/tarconf/gconf/.git/objects/pack/
2009/10/06 20:00:56 [4327] >f..t...... home/sylecn/projects/tarconf/gconf/.git/objects/pack/pack-ad95710eb7ad149a0c9abf01fa24026a45ddb730.idx
2009/10/06 20:00:56 [4327] >f..t...... home/sylecn/projects/tarconf/gconf/.git/objects/pack/pack-ad95710eb7ad149a0c9abf01fa24026a45ddb730.pack
2009/10/06 20:00:56 [4327] .d..t...... home/sylecn/projects/tarconf/gconf/.git/refs/heads/
2009/10/06 20:00:56 [4327] .d..t...... home/sylecn/projects/turnin/.git/
2009/10/06 20:00:56 [4327] >f..t...... home/sylecn/projects/turnin/.git/index
2009/10/06 20:00:56 [4327] >f+++++++++ home/sylecn/projects/turnin/.git/packed-refs
2009/10/06 20:00:56 [4327] .d..t...... home/sylecn/projects/turnin/.git/info/
2009/10/06 20:00:56 [4327] >f+++++++++ home/sylecn/projects/turnin/.git/info/refs
2009/10/06 20:00:56 [4327] .d..t...... home/sylecn/projects/turnin/.git/logs/
2009/10/06 20:00:56 [4327] >f..t...... home/sylecn/projects/turnin/.git/logs/HEAD
2009/10/06 20:00:56 [4327] .d..t...... home/sylecn/projects/turnin/.git/logs/refs/heads/
2009/10/06 20:00:56 [4327] >f..t...... home/sylecn/projects/turnin/.git/logs/refs/heads/master
2009/10/06 20:00:56 [4327] .d..t...... home/sylecn/projects/turnin/.git/logs/refs/remotes/origin/
2009/10/06 20:00:56 [4327] >f..t...... home/sylecn/projects/turnin/.git/logs/refs/remotes/origin/master
2009/10/06 20:00:56 [4327] .d..t...... home/sylecn/projects/turnin/.git/objects/
2009/10/06 20:00:56 [4327] .d..t...... home/sylecn/projects/turnin/.git/objects/56/
2009/10/06 20:00:56 [4327] .d..t...... home/sylecn/projects/turnin/.git/objects/info/
2009/10/06 20:00:56 [4327] >f+++++++++ home/sylecn/projects/turnin/.git/objects/info/packs
2009/10/06 20:00:56 [4327] .d..t...... home/sylecn/projects/turnin/.git/objects/pack/
2009/10/06 20:00:56 [4327] >f+++++++++ home/sylecn/projects/turnin/.git/objects/pack/pack-7f576f701077c1c698c05584e9030ca94e1f0d6e.idx
2009/10/06 20:00:56 [4327] >f+++++++++ home/sylecn/projects/turnin/.git/objects/pack/pack-7f576f701077c1c698c05584e9030ca94e1f0d6e.pack
2009/10/06 20:00:56 [4327] .d..t...... home/sylecn/projects/turnin/.git/refs/heads/
2009/10/06 20:00:56 [4327] .d..t...... home/sylecn/projects/turnin/.git/refs/remotes/origin/
2009/10/06 20:00:56 [4327] .d..t...... home/sylecn/projects/wesnoth-translation-updater/.git/
2009/10/06 20:00:56 [4327] >f..t...... home/sylecn/projects/wesnoth-translation-updater/.git/index
2009/10/06 20:00:56 [4327] >f..t...... home/sylecn/projects/wesnoth-translation-updater/.git/packed-refs
2009/10/06 20:00:56 [4327] .d..t...... home/sylecn/projects/wesnoth-translation-updater/.git/info/
2009/10/06 20:00:56 [4327] >f..t...... home/sylecn/projects/wesnoth-translation-updater/.git/info/refs
2009/10/06 20:00:56 [4327] .d..t...... home/sylecn/projects/wesnoth-translation-updater/.git/logs/
2009/10/06 20:00:56 [4327] >f..t...... home/sylecn/projects/wesnoth-translation-updater/.git/logs/HEAD
2009/10/06 20:00:56 [4327] .d..t...... home/sylecn/projects/wesnoth-translation-updater/.git/logs/refs/heads/
2009/10/06 20:00:56 [4327] >f..t...... home/sylecn/projects/wesnoth-translation-updater/.git/logs/refs/heads/master
2009/10/06 20:00:56 [4327] .d..t...... home/sylecn/projects/wesnoth-translation-updater/.git/objects/
2009/10/06 20:00:56 [4327] .d..t...... home/sylecn/projects/wesnoth-translation-updater/.git/objects/info/
2009/10/06 20:00:56 [4327] >f..t...... home/sylecn/projects/wesnoth-translation-updater/.git/objects/info/packs
2009/10/06 20:00:56 [4327] .d..t...... home/sylecn/projects/wesnoth-translation-updater/.git/objects/pack/
2009/10/06 20:00:56 [4327] >f..t...... home/sylecn/projects/wesnoth-translation-updater/.git/objects/pack/pack-6d376e88d624b542180402541ece7385d70d478f.idx
2009/10/06 20:00:56 [4327] >f..t...... home/sylecn/projects/wesnoth-translation-updater/.git/objects/pack/pack-6d376e88d624b542180402541ece7385d70d478f.pack
2009/10/06 20:00:56 [4327] .d..t...... home/sylecn/projects/wesnoth-translation-updater/.git/refs/heads/
2009/10/06 20:00:56 [4327] .d..t...... home/sylecn/python/dict.cn/.git/
2009/10/06 20:00:56 [4327] >f..t...... home/sylecn/python/dict.cn/.git/index
2009/10/06 20:00:56 [4327] >f..t...... home/sylecn/python/dict.cn/.git/packed-refs
2009/10/06 20:00:56 [4327] .d..t...... home/sylecn/python/dict.cn/.git/info/
2009/10/06 20:00:56 [4327] >f..t...... home/sylecn/python/dict.cn/.git/info/refs
2009/10/06 20:00:56 [4327] .d..t...... home/sylecn/python/dict.cn/.git/logs/
2009/10/06 20:00:56 [4327] >f..t...... home/sylecn/python/dict.cn/.git/logs/HEAD
2009/10/06 20:00:56 [4327] .d..t...... home/sylecn/python/dict.cn/.git/logs/refs/heads/
2009/10/06 20:00:56 [4327] >f..t...... home/sylecn/python/dict.cn/.git/logs/refs/heads/master
2009/10/06 20:00:56 [4327] .d..t...... home/sylecn/python/dict.cn/.git/objects/
2009/10/06 20:00:56 [4327] .d..t...... home/sylecn/python/dict.cn/.git/objects/info/
2009/10/06 20:00:56 [4327] >f..t...... home/sylecn/python/dict.cn/.git/objects/info/packs
2009/10/06 20:00:56 [4327] .d..t...... home/sylecn/python/dict.cn/.git/objects/pack/
2009/10/06 20:00:56 [4327] >f..t...... home/sylecn/python/dict.cn/.git/objects/pack/pack-545388cac81f42c8fb80bf3b86b23d3b46047612.idx
2009/10/06 20:00:56 [4327] >f..t...... home/sylecn/python/dict.cn/.git/objects/pack/pack-545388cac81f42c8fb80bf3b86b23d3b46047612.pack
2009/10/06 20:00:56 [4327] .d..t...... home/sylecn/python/dict.cn/.git/refs/heads/
2009/10/06 20:00:57 [4327] .d..t...... home/sylecn/python/gettext-percentage/.git/
2009/10/06 20:00:57 [4327] >f..t...... home/sylecn/python/gettext-percentage/.git/index
2009/10/06 20:00:57 [4327] >f..t...... home/sylecn/python/gettext-percentage/.git/packed-refs
2009/10/06 20:00:57 [4327] .d..t...... home/sylecn/python/gettext-percentage/.git/info/
2009/10/06 20:00:57 [4327] >f..t...... home/sylecn/python/gettext-percentage/.git/info/refs
2009/10/06 20:00:57 [4327] .d..t...... home/sylecn/python/gettext-percentage/.git/logs/
2009/10/06 20:00:57 [4327] >f..t...... home/sylecn/python/gettext-percentage/.git/logs/HEAD
2009/10/06 20:00:57 [4327] .d..t...... home/sylecn/python/gettext-percentage/.git/logs/refs/heads/
2009/10/06 20:00:57 [4327] >f..t...... home/sylecn/python/gettext-percentage/.git/logs/refs/heads/master
2009/10/06 20:00:57 [4327] .d..t...... home/sylecn/python/gettext-percentage/.git/objects/
2009/10/06 20:00:57 [4327] .d..t...... home/sylecn/python/gettext-percentage/.git/objects/info/
2009/10/06 20:00:57 [4327] >f..t...... home/sylecn/python/gettext-percentage/.git/objects/info/packs
2009/10/06 20:00:57 [4327] .d..t...... home/sylecn/python/gettext-percentage/.git/objects/pack/
2009/10/06 20:00:57 [4327] >f..t...... home/sylecn/python/gettext-percentage/.git/objects/pack/pack-718b68cdbc89fdb69b5be93d1619e9dc7130e44a.idx
2009/10/06 20:00:57 [4327] >f..t...... home/sylecn/python/gettext-percentage/.git/objects/pack/pack-718b68cdbc89fdb69b5be93d1619e9dc7130e44a.pack
2009/10/06 20:00:57 [4327] .d..t...... home/sylecn/python/gettext-percentage/.git/refs/heads/
2009/10/06 20:00:57 [4327] .d..t...... home/sylecn/python/restore-pkg/.git/
2009/10/06 20:00:57 [4327] >f..t...... home/sylecn/python/restore-pkg/.git/index
2009/10/06 20:00:57 [4327] >f..t...... home/sylecn/python/restore-pkg/.git/packed-refs
2009/10/06 20:00:57 [4327] .d..t...... home/sylecn/python/restore-pkg/.git/info/
2009/10/06 20:00:57 [4327] >f..t...... home/sylecn/python/restore-pkg/.git/info/refs
2009/10/06 20:00:57 [4327] .d..t...... home/sylecn/python/restore-pkg/.git/logs/
2009/10/06 20:00:57 [4327] >f..t...... home/sylecn/python/restore-pkg/.git/logs/HEAD
2009/10/06 20:00:57 [4327] .d..t...... home/sylecn/python/restore-pkg/.git/logs/refs/heads/
2009/10/06 20:00:57 [4327] >f..t...... home/sylecn/python/restore-pkg/.git/logs/refs/heads/master
2009/10/06 20:00:57 [4327] .d..t...... home/sylecn/python/restore-pkg/.git/objects/
2009/10/06 20:00:57 [4327] .d..t...... home/sylecn/python/restore-pkg/.git/objects/info/
2009/10/06 20:00:57 [4327] >f..t...... home/sylecn/python/restore-pkg/.git/objects/info/packs
2009/10/06 20:00:57 [4327] .d..t...... home/sylecn/python/restore-pkg/.git/objects/pack/
2009/10/06 20:00:57 [4327] >f..t...... home/sylecn/python/restore-pkg/.git/objects/pack/pack-20ddecce9e3e5a85661b1268e773d82e9860beab.idx
2009/10/06 20:00:57 [4327] >f..t...... home/sylecn/python/restore-pkg/.git/objects/pack/pack-20ddecce9e3e5a85661b1268e773d82e9860beab.pack
2009/10/06 20:00:57 [4327] .d..t...... home/sylecn/python/restore-pkg/.git/refs/heads/
2009/10/06 20:00:58 [4327] .d..t...... home/sylecn/soft/network/
2009/10/06 20:00:58 [4327] .d..t...... home/sylecn/study/341/
2009/10/06 20:00:58 [4327] >f+++++++++ home/sylecn/study/341/dangling_if.txt
2009/10/06 20:00:58 [4327] .d..t...... home/sylecn/study/371p/
2009/10/06 20:00:58 [4327] >f+++++++++ home/sylecn/study/371p/potential-project-improvements
2009/10/06 20:01:05 [4327] .d..t...... home/sylecn/sysadmin/live-distro/.git/
2009/10/06 20:01:05 [4327] >f..t...... home/sylecn/sysadmin/live-distro/.git/index
2009/10/06 20:01:05 [4327] >f..t...... home/sylecn/sysadmin/live-distro/.git/packed-refs
2009/10/06 20:01:05 [4327] .d..t...... home/sylecn/sysadmin/live-distro/.git/info/
2009/10/06 20:01:05 [4327] >f..t...... home/sylecn/sysadmin/live-distro/.git/info/refs
2009/10/06 20:01:05 [4327] .d..t...... home/sylecn/sysadmin/live-distro/.git/logs/
2009/10/06 20:01:05 [4327] >f..t...... home/sylecn/sysadmin/live-distro/.git/logs/HEAD
2009/10/06 20:01:05 [4327] .d..t...... home/sylecn/sysadmin/live-distro/.git/logs/refs/heads/
2009/10/06 20:01:05 [4327] >f..t...... home/sylecn/sysadmin/live-distro/.git/logs/refs/heads/master
2009/10/06 20:01:05 [4327] .d..t...... home/sylecn/sysadmin/live-distro/.git/objects/
2009/10/06 20:01:05 [4327] .d..t...... home/sylecn/sysadmin/live-distro/.git/objects/info/
2009/10/06 20:01:05 [4327] >f..t...... home/sylecn/sysadmin/live-distro/.git/objects/info/packs
2009/10/06 20:01:05 [4327] .d..t...... home/sylecn/sysadmin/live-distro/.git/objects/pack/
2009/10/06 20:01:05 [4327] >f..t...... home/sylecn/sysadmin/live-distro/.git/objects/pack/pack-8e6a38813f5861509f69f840c0e4546027b66017.idx
2009/10/06 20:01:05 [4327] >f..t...... home/sylecn/sysadmin/live-distro/.git/objects/pack/pack-8e6a38813f5861509f69f840c0e4546027b66017.pack
2009/10/06 20:01:05 [4327] .d..t...... home/sylecn/sysadmin/live-distro/.git/refs/heads/
2009/10/06 20:01:05 [4327] .d..t...... home/sylecn/texts/
2009/10/06 20:01:05 [4327] >f.st...... home/sylecn/texts/lwords
2009/10/06 20:01:05 [4327] .d..t...... usr/lib/
2009/10/06 20:01:05 [4327] .d..t...... usr/share/
2009/10/06 20:01:05 [4327] .d..t...... usr/share/info/
2009/10/06 20:01:05 [4327] >f..t...... usr/share/info/dir
2009/10/06 20:01:05 [4327] .d..t...... var/log/
2009/10/06 20:01:05 [4327] >f.st...... var/log/Xorg.0.log
2009/10/06 20:01:05 [4327] >f.st...... var/log/Xorg.0.log.old
2009/10/06 20:01:05 [4327] >f.st...... var/log/aptitude
2009/10/06 20:01:05 [4327] >f.st...... var/log/auth.log
2009/10/06 20:01:05 [4327] >f.st...... var/log/boot
2009/10/06 20:01:06 [4327] >f.st...... var/log/boot.0
2009/10/06 20:01:06 [4327] >f.st...... var/log/daemon.log
2009/10/06 20:01:06 [4327] >f.st...... var/log/debug
2009/10/06 20:01:06 [4327] >f.st...... var/log/dhcp-nm
2009/10/06 20:01:06 [4327] >f.st...... var/log/dmesg
2009/10/06 20:01:06 [4327] >f.st...... var/log/dmesg.0
2009/10/06 20:01:06 [4327] >f.st...... var/log/dpkg.log
2009/10/06 20:01:06 [4327] >f..t...... var/log/faillog
2009/10/06 20:01:06 [4327] >f.st...... var/log/fetchmail.log
2009/10/06 20:01:06 [4327] >f.st...... var/log/iptables
2009/10/06 20:01:06 [4327] >f.st...... var/log/kern.log
2009/10/06 20:01:06 [4327] >f..t...... var/log/lastlog
2009/10/06 20:01:06 [4327] >f.st...... var/log/messages
2009/10/06 20:01:06 [4327] >f..t...... var/log/mysql.log
2009/10/06 20:01:06 [4327] >f..t...... var/log/pm-powersave.log
2009/10/06 20:01:06 [4327] >f..t...... var/log/pm-suspend.log
2009/10/06 20:01:06 [4327] >f.st...... var/log/syslog
2009/10/06 20:01:07 [4327] >f.st...... var/log/syslog.1
2009/10/06 20:01:07 [4327] >f.st...... var/log/wtmp
2009/10/06 20:01:07 [4327] >f.st...... var/log/ConsoleKit/history
2009/10/06 20:01:07 [4327] >f.st...... var/log/apache2/access.log
2009/10/06 20:01:07 [4327] >f.st...... var/log/apache2/error.log
2009/10/06 20:01:07 [4327] >f.st...... var/log/apt/term.log
2009/10/06 20:01:07 [4327] >f.st...... var/log/exim4/mainlog
2009/10/06 20:01:07 [4327] >f.st...... var/log/fsck/checkfs
2009/10/06 20:01:07 [4327] >f..t...... var/log/fsck/checkroot
2009/10/06 20:01:07 [4327] .d..t...... var/log/gdm/
2009/10/06 20:01:07 [4327] >f.st...... var/log/gdm/:0.log
2009/10/06 20:01:07 [4327] >f.st...... var/log/gdm/:0.log.1
2009/10/06 20:01:07 [4327] >f.st...... var/log/gdm/:0.log.2
2009/10/06 20:01:07 [4327] >f.st...... var/log/gdm/:0.log.3
2009/10/06 20:01:07 [4327] >f.st...... var/log/gdm/:0.log.4
2009/10/06 20:01:07 [4327] .d..t...... var/mail/
2009/10/06 20:01:07 [4327] >f.st...... var/mail/sylecn
2009/10/06 20:01:08 [4327] sent 68180269 bytes  received 12026 bytes  total size 1063697971
